<?xml version="1.0" encoding="UTF-8"?>
<!-- Generated by org.testng.reporters.JUnitReportReporter -->
<testsuite hostname="Udaya" failures="0" tests="5" name="com.flipkart.TvStepdefinition" time="3.250" errors="0" timestamp="2025-08-18T18:30:14 IST" skipped="0">
  <testcase classname="com.flipkart.TvStepdefinition" name="addProductToCart" time="0.007"/>
  <testcase classname="com.flipkart.TvStepdefinition" name="select3rdProduct" time="0.002"/>
  <testcase classname="com.flipkart.TvStepdefinition" name="method3" time="1.280"/>
  <testcase classname="com.flipkart.TvStepdefinition" name="method2" time="1.955"/>
  <testcase classname="com.flipkart.TvStepdefinition" name="validateAppleRelatedProducts" time="0.006"/>
</testsuite> <!-- com.flipkart.TvStepdefinition -->
